<?xml version="1.0" encoding="UTF-8"?>
<!-- Generated by org.testng.reporters.JUnitReportReporter -->
<testsuite hostname="Highbury" name="com.parameters.parametertest" tests="1" failures="0" timestamp="24 Mar 2020 00:20:01 GMT" time="29.709" errors="0">
  <testcase name="login" time="29.709" classname="com.parameters.parametertest"/>
</testsuite> <!-- com.parameters.parametertest -->
