<?xml version="1.0" encoding="UTF-8"?>
<!-- Generated by org.testng.reporters.JUnitReportReporter -->
<testsuite hostname="Highbury" name="authorQuotes.operaSoccer" tests="1" failures="0" timestamp="21 May 2020 15:11:52 GMT" time="76.748" errors="0">
  <testcase name="triggerere" time="76.748" classname="authorQuotes.operaSoccer"/>
</testsuite> <!-- authorQuotes.operaSoccer -->
