<?xml version="1.0" encoding="UTF-8"?>
<!-- Generated by org.testng.reporters.JUnitReportReporter -->
<testsuite hostname="Highbury" name="validationofdifferenttestcases.EmptyUserCheck" tests="1" failures="0" timestamp="6 Apr 2020 16:04:15 GMT" time="0.012" errors="0">
  <testcase name="FirstFieldValidation" time="0.012" classname="validationofdifferenttestcases.EmptyUserCheck"/>
</testsuite> <!-- validationofdifferenttestcases.EmptyUserCheck -->
