<?xml version="1.0" encoding="UTF-8"?>
<!-- Generated by org.testng.reporters.JUnitReportReporter -->
<testsuite hostname="Highbury" name="validationofdifferenttestcases.OhnePasswordField" tests="1" failures="0" timestamp="4 Apr 2020 20:02:23 GMT" time="17.462" errors="0">
  <testcase name="OhnePasswordField" time="17.462" classname="validationofdifferenttestcases.OhnePasswordField"/>
</testsuite> <!-- validationofdifferenttestcases.OhnePasswordField -->
