<?xml version="1.0" encoding="UTF-8"?>
<!-- Generated by org.testng.reporters.JUnitReportReporter -->
<testsuite hostname="Highbury" name="com.test.DazEins" tests="1" failures="0" timestamp="28 Mar 2020 20:54:13 GMT" time="0.008" errors="0">
  <testcase name="FirstAm" time="0.008" classname="com.test.DazEins"/>
</testsuite> <!-- com.test.DazEins -->
