<?xml version="1.0" encoding="UTF-8"?>
<!-- Generated by org.testng.reporters.JUnitReportReporter -->
<testsuite hostname="Highbury" name="authorQuotes.gpsDrei" tests="1" failures="0" timestamp="16 May 2020 21:27:00 GMT" time="19.962" errors="0">
  <testcase name="autorQUotes" time="19.962" classname="authorQuotes.gpsDrei"/>
</testsuite> <!-- authorQuotes.gpsDrei -->
