<?xml version="1.0" encoding="UTF-8"?>
<!-- Generated by org.testng.reporters.JUnitReportReporter -->
<testsuite hostname="Highbury" name="authorQuotes.gpsDrei" tests="1" failures="0" timestamp="21 May 2020 14:02:06 GMT" time="39.668" errors="0">
  <testcase name="autorQUotes" time="39.668" classname="authorQuotes.gpsDrei"/>
</testsuite> <!-- authorQuotes.gpsDrei -->
