<?xml version="1.0" encoding="UTF-8"?>
<!-- Generated by org.testng.reporters.JUnitReportReporter -->
<testsuite hostname="Highbury" name="com.test.ValidateLogin" tests="4" failures="0" timestamp="28 Mar 2020 20:01:06 GMT" time="65.396" errors="0">
  <testcase name="title" time="13.267" classname="com.test.ValidateLogin"/>
  <testcase name="imageattri" time="15.570" classname="com.test.ValidateLogin"/>
  <testcase name="login" time="18.422" classname="com.test.ValidateLogin"/>
  <testcase name="imagedisplay" time="18.137" classname="com.test.ValidateLogin"/>
</testsuite> <!-- com.test.ValidateLogin -->
