<?xml version="1.0" encoding="UTF-8"?>
<!-- Generated by org.testng.reporters.JUnitReportReporter -->
<testsuite hostname="Highbury" name="validationofdifferenttestcases.gpsDrei" tests="1" failures="0" timestamp="16 May 2020 19:33:27 GMT" time="24.388" errors="0">
  <testcase name="gpsExcel" time="24.388" classname="validationofdifferenttestcases.gpsDrei"/>
</testsuite> <!-- validationofdifferenttestcases.gpsDrei -->
