<?xml version="1.0" encoding="UTF-8"?>
<!-- Generated by org.testng.reporters.JUnitReportReporter -->
<testsuite hostname="Highbury" name="validationofdifferenttestcases.PwdFieldValidations" tests="1" failures="0" timestamp="4 Apr 2020 20:02:23 GMT" time="20.155" errors="0">
  <testcase name="PwdVlaidivostak" time="20.155" classname="validationofdifferenttestcases.PwdFieldValidations"/>
</testsuite> <!-- validationofdifferenttestcases.PwdFieldValidations -->
