<?xml version="1.0" encoding="UTF-8"?>
<!-- Generated by org.testng.reporters.JUnitReportReporter -->
<testsuite hostname="Highbury" name="validationofdifferenttestcases.UsernameLessThanSixChars" tests="1" failures="0" timestamp="12 Apr 2020 14:58:31 GMT" time="19.824" errors="0">
  <testcase name="UsernameLessThanSixChars" time="19.824" classname="validationofdifferenttestcases.UsernameLessThanSixChars"/>
</testsuite> <!-- validationofdifferenttestcases.UsernameLessThanSixChars -->
