<?xml version="1.0" encoding="UTF-8"?>
<!-- Generated by org.testng.reporters.JUnitReportReporter -->
<testsuite hostname="Highbury" name="validationofdifferenttestcases.gpsVier" tests="1" failures="0" timestamp="6 May 2020 22:27:18 GMT" time="48.021" errors="0">
  <testcase name="iteraetor" time="48.021" classname="validationofdifferenttestcases.gpsVier"/>
</testsuite> <!-- validationofdifferenttestcases.gpsVier -->
