<?xml version="1.0" encoding="UTF-8"?>
<!-- Generated by org.testng.reporters.JUnitReportReporter -->
<testsuite hostname="Highbury" name="validationofdifferenttestcases.gpsDrei" tests="1" failures="0" timestamp="6 May 2020 21:43:16 GMT" time="27.302" errors="0">
  <testcase name="gpsExcel" time="27.302" classname="validationofdifferenttestcases.gpsDrei"/>
</testsuite> <!-- validationofdifferenttestcases.gpsDrei -->
