<?xml version="1.0" encoding="UTF-8"?>
<!-- Generated by org.testng.reporters.JUnitReportReporter -->
<testsuite hostname="Highbury" name="authorQuotes.operaSoccer" tests="1" failures="0" timestamp="21 May 2020 21:27:42 GMT" time="532.673" errors="0">
  <testcase name="triggerere" time="532.673" classname="authorQuotes.operaSoccer"/>
</testsuite> <!-- authorQuotes.operaSoccer -->
