<?xml version="1.0" encoding="UTF-8"?>
<!-- Generated by org.testng.reporters.JUnitReportReporter -->
<testsuite hostname="Highbury" name="com.test.ValidateLogin" tests="4" failures="0" timestamp="24 Mar 2020 11:17:22 GMT" time="67.298" errors="0">
  <testcase name="imageattri" time="16.997" classname="com.test.ValidateLogin"/>
  <testcase name="imagedisplay" time="17.886" classname="com.test.ValidateLogin"/>
  <testcase name="title" time="13.742" classname="com.test.ValidateLogin"/>
  <testcase name="login" time="18.673" classname="com.test.ValidateLogin"/>
</testsuite> <!-- com.test.ValidateLogin -->
