<?xml version="1.0" encoding="UTF-8"?>
<!-- Generated by org.testng.reporters.JUnitReportReporter -->
<testsuite hostname="Highbury" name="validationofdifferenttestcases.PwdFieldValidations" tests="1" failures="0" timestamp="4 Apr 2020 19:09:29 GMT" time="19.955" errors="0">
  <testcase name="PwdVlaidivostak" time="19.955" classname="validationofdifferenttestcases.PwdFieldValidations"/>
</testsuite> <!-- validationofdifferenttestcases.PwdFieldValidations -->
