<?xml version="1.0" encoding="UTF-8"?>
<!-- Generated by org.testng.reporters.JUnitReportReporter -->
<testsuite hostname="Highbury" name="validationofdifferenttestcases.PwdFieldValidations" tests="1" failures="0" timestamp="12 Apr 2020 14:58:31 GMT" time="25.885" errors="0">
  <testcase name="PwdVlaidivostak" time="25.885" classname="validationofdifferenttestcases.PwdFieldValidations"/>
</testsuite> <!-- validationofdifferenttestcases.PwdFieldValidations -->
