<?xml version="1.0" encoding="UTF-8"?>
<!-- Generated by org.testng.reporters.JUnitReportReporter -->
<testsuite hostname="Highbury" name="validationofdifferenttestcases.gpsVier" tests="1" failures="0" timestamp="7 May 2020 20:27:54 GMT" time="71.139" errors="0">
  <testcase name="iteraetor" time="71.139" classname="validationofdifferenttestcases.gpsVier"/>
</testsuite> <!-- validationofdifferenttestcases.gpsVier -->
