<?xml version="1.0" encoding="UTF-8"?>
<!-- Generated by org.testng.reporters.JUnitReportReporter -->
<testsuite hostname="Highbury" name="validationofdifferenttestcases.OhnePasswordField" tests="1" failures="0" timestamp="12 Apr 2020 14:58:31 GMT" time="21.840" errors="0">
  <testcase name="OhnePasswordField" time="21.840" classname="validationofdifferenttestcases.OhnePasswordField"/>
</testsuite> <!-- validationofdifferenttestcases.OhnePasswordField -->
